0
0
0
0
0
0
0
0
0
0
0
0
0
0
0
0
0
0
0
0
0
0
0
0
0
0
0
0
0
0
0
0
0
0
0
0
0
0
0
0
0
0
0
0
0
0
0
0
2700
0
16732
0
0
4048
0
0
0
0
0
0
0
0
0
0
0
0
0
0
0
0
0
0
0
0
0
0
0
4048
0
0
0
0
0
0
16732
0
4048
0
16732
0
0
0
0
0
0
0
0
0
0
0
0
0
0
0
0
0
0
0
0
0
0
0
0
0
7432
0
0
0
0
0
0
0
0
16732
0
0
0
0
0
0
0
0
16732
0
7432
0
0
0
0
0
0
0
0
0
0
0
4500
3398
2200
4500
5500
0
0
3000
0
0
4500
0
16732
5500
4500
0
16732
5500
4500
0
0
3398
5500
0
3898
4500
5500
4500
0
0
0
0
0
0
4500
3398
0
3000
4500
5500
0
0
4500
3398
0
4500
4500
3398
16400
0
0
3398
16400
0
5500
3398
0
0
0
4500
0
0
4500
0
4000
0
0
4500
0
0
4500
3398
0
2798
0
16400
4000
4000
0
0
4500
0
4000
0
4250
0
5500
3398
4500
0
16400
4000
4000
4500
3100
3500
0
16400
3100
0
4250
16400
4500
4000
2600
0
4000
0
4250
4500
4000
3100
0
4250
5500
3398
16400
0
2500
4500
0
0
3500
4000
4000
2500
3000
4250
0
0
4500
4500
5500
0
4000
0
0
0
0
4500
0
16400
4000
4250
4500
2500
0
0
4250
5500
3000
4500
0
0
4000
4250
0
0
4500
4000
4250
4500
0
4250
0
5500
0
0
0
3100
2500
3500
4250
4500
3000
0
3000
4250
2500
4250
0
16400
0
5500
0
3100
0
4250
4000
0
4500
0
0
3000
4250
0
3100
2500
3000
0
2500
4250
3100
0
3000
0
4250
3000
3100
0
2500
0
4250
5500
0
3100
3100
4250
0
0
0
0
4250
5500
0
0
0
0
4250
3700
2500
0
2500
0
8500
3100
0
2500
0
3100
0
0
0
0
0
0
0
8500
3100
8500
8500
0
0
0
7798
0
0
0
0
3100
0
8500
0
8500
3100
3100
0
0
3100
0
0
0
0
0
0
16632
8500
0
0
6500
0
0
0
0
3898
0
0
8500
0
0
8500
0
4000
0
0
0
4500
0
0
0
4000
0
0
8500
0
0
0
0
8500
0
0
0
0
4000
0
0
0
8500
0
0
8500
4000
16632
0
0
0
0
0
6500
0
0
4000
0
0
0
8500
0
16632
0
0
0
0
0
4500
0
0
0
0
0
0
0
0
4000
0
16632
0
0
4500
8500
0
8500
0
0
0
0
0
0
0
0
0
8500
0
0
16632
0
0
16632
0
0
0
8500
0
0
4000
4500
0
0
0
0
0
0
0
8500
0
0
0
0
0
0
0
4000
16632
0
0
0
8500
4500
4000
0
0
0
0
0
0
0
16632
0
0
0
8500
0
4500
0
0
0
0
4000
0
4000
3000
0
16632
4000
0
0
0
0
2500
0
0
0
16632
2600
0
0
4000
0
2398
0
0
2600
0
0
2500
4000
0
0
0
4000
0
3000
0
4000
0
16632
0
0
0
2600
4000
8500
0
2500
2500
3000
4250
3000
4000
0
3000
0
16632
0
2600
0
0
0
0
4000
2500
2600
3000
4000
0
2500
0
0
3000
4000
16632
0
3000
0
0
2500
2600
3000
2398
0
0
0
4000
4000
1000
0
4000
0
0
0
0
3000
3000
3000
6000
3000
0
3000
4000
3000
2398
1000
0
0
3000
3000
0
4000
2500
4000
0
3000
4150
3000
0
4000
4000
3000
3000
0
0
4000
6000
4000
0
1000
0
4000
3000
0
0
3000
3000
3000
4000
4000
4000
0
3000
3000
0
2200
0
0
3000
4000
6000
0
4000
0
3000
3000
6000
0
0
0
0
4000
3000
6000
4000
3000
0
4000
3000
3000
0
0
0
2200
4150
0
4000
6000
0
0
3000
3000
3000
0
6000
0
0
4000
0
4000
3000
2200
6000
1898
7900
0
0
0
3000
0
3000
0
0
0
0
7900
0
0
4000
0
0
4500
4500
4500
6000
3000
0
0
2200
1898
3000
4500
0
0
0
0
4000
4500
7500
1898
0
0
1898
1898
0
0
0
0
3000
1898
3100
6000
3000
2200
4500
4000
2500
4500
7500
0
0
0
0
0
0
0
0
2200
0
0
1898
0
0
2200
4500
4500
0
3000
0
7500
900
6000
0
2500
0
0
4000
9000
2200
0
4500
3100
0
0
900
0
1898
4000
0
0
4500
0
1898
3000
0
0
2200
4000
0
9000
0
0
1898
2500
0
4500
4000
3100
0
0
0
2500
0
0
4500
0
4500
2200
9000
1898
0
2500
4000
2500
3100
6000
0
0
4500
1898
2500
0
0
1898
2500
0
4000
16166
2398
4000
2200
2500
0
4500
0
7500
1898
0
4000
4000
0
0
2398
0
0
4500
0
2500
1898
0
0
0
4000
16166
0
2398
1898
2200
0
1898
6000
2500
4000
0
2398
0
0
3000
1898
1698
2000
0
4500
0
4000
0
3000
6000
2398
0
16166
1898
0
4000
4000
0
48498
1698
0
4000
6000
4000
2398
0
0
0
0
4000
1898
0
1698
0
16166
2000
1600
6000
1898
2398
4000
1698
1898
0
0
0
0
0
0
0
2200
2398
6000
0
31400
1698
0
0
0
0
0
0
15700
0
2200
6000
1698
0
1898
0
0
0
0
0
6000
0
1600
0
2200
0
31400
0
0
0
6000
0
1698
0
6000
0
0
0
2200
0
1698
0
6000
0
2000
0
0
7500
0
1698
0
1698
0
0
0
2600
0
0
31400
1698
0
0
6000
0
7500
1600
2000
0
0
0
0
0
31400
0
0
0
0
0
7500
0
0
0
0
0
31400
0
0
7500
0
0
0
0
0
0
0
0
0
0
0
0
7500
31400
0
0
0
0
47100
0
0
0
0
0
7500
0
0
0
0
0
0
0
0
0
0
0
0
7500
0
0
7500
0
0
0
47100
0
0
0
0
0
0
0
0
7500
2500
0
0
0
0
0
0
2500
0
0
0
0
7500
0
7500
0
0
47100
0
0
0
0
0
2500
0
0
0
0
0
0
0
0
0
0
7500
0
0
0
0
2500
2500
0
47100
0
0
2500
0
0
0
0
0
0
0
0
0
0
0
0
0
2500
0
0
0
7500
0
0
0
0
0
0
0
0
0
0
47100
0
7500
0
0
0
0
0
2500
0
0
0
0
0
0
0
0
0
0
0
2500
0
0
0
2500
0
0
47100
0
0
0
0
0
0
0
0
0
0
0
0
0
0
0
0
2500
2500
47100
0
0
0
0
0
0
0
0
0
0
0
0
0
47100
0
0
0
2500
0
0
7798
0
0
0
0
2500
0
0
0
2500
0
0
0
0
0
0
0
0
0
0
0
0
0
2500
0
0
0
2500
0
0
0
2500
0
0
0
0
0
0
0
47100
7798
0
0
47100
0
2500
2500
2500
0
0
0
0
0
0
0
7798
0
0
2500
0
0
0
2500
2500
0
3100
0
0
2500
0
0
0
0
0
2500
0
0
0
0
7798
0
0
4000
4000
2500
0
2500
0
0
2200
49098
0
0
0
2500
7798
0
4000
0
7798
47100
0
0
3100
2500
0
0
0
0
4000
0
0
2200
0
0
2500
2200
7798
2500
0
0
4000
0
0
3100
32732
2500
0
0
0
0
0
3100
7798
4000
7798
0
0
4000
0
0
2500
0
3100
2200
0
0
0
0
4000
7798
0
0
9300
0
0
0
0
3100
3100
3100
0
32732
0
0
0
2200
0
0
0
4200
0
0
4650
0
0
0
0
1800
0
2200
3100
0
0
0
0
2200
0
0
0
0
0
0
2200
0
0
1800
0
0
0
3100
0
0
4200
0
2200
0
0
0
0
0
0
1800
0
0
4200
0
0
2200
0
4150
0
0
0
4200
0
0
0
3100
1800
0
2200
0
0
0
0
0
0
2200
0
1800
0
0
0
0
0
0
0
0
0
0
4150
4150
0
2200
0
1800
0
0
0
0
0
4150
0
1898
0
0
1898
0
0
0
0
0
0
1800
2200
1898
4150
0
0
1800
0
0
0
0
0
0
1800
0
0
0
0
0
1898
0
4150
1800
0
0
0
0
0
0
0
2200
0
0
0
1800
4150
1898
6000
0
0
4150
0
0
0
0
1800
0
0
0
0
4150
4150
1898
0
0
0
0
0
0
0
1800
0
5298
0
4150
0
0
6000
1898
0
0
0
0
0
0
0
1898
1800
0
4150
0
0
0
0
0
0
1898
5298
0
0
6000
0
0
0
0
0
0
4150
6000
5298
4150
0
5298
1800
0
0
0
4150
0
0
0
2200
6000
0
0
0
0
0
0
0
5298
4150
4150
0
0
0
0
0
2200
0
0
0
4150
0
0
0
2200
0
0
6000
0
5298
0
0
0
0
0
0
0
0
4150
0
2200
0
5298
0
0
0
5298
0
0
0
0
0
0
0
4400
6000
2200
0
4150
0
0
0
0
0
0
0
0
4400
0
2200
0
6000
0
6000
0
0
0
4400
0
0
0
0
0
0
0
6000
5700
0
0
0
0
0
2200
0
4400
0
0
0
0
0
0
0
0
0
0
0
4450
0
0
0
0
0
0
0
0
0
0
0
0
0
0
0
0
0
0
0
0
0
0
0
0
0
0
0
0
0
0
0
0
0
0
0
0
0
0
0
0
0
0
0
0
0
0
0
0
0
0
0
0
0
0
0
0
0
0
0
0
0
0
0
0
0
0
0
0
0
0
0
0
0
0
0
0
0
0
0
0
0
0
0
0
0
0
0
0
0
0
0
0
0
0
0
0
0
0
0
0
0
0
0
0
0
0
8666
0
0
0
4000
0
0
0
0
0
0
0
0
0
0
0
0
0
0
0
0
0
0
0
0
0
0
0
0
0
0
4000
0
0
0
0
0
0
0
0
0
0
0
0
0
0
0
0
0
0
0
0
0
0
0
0
0
0
0
0
0
4000
0
0
0
0
0
0
0
0
0
0
0
11400
0
0
0
0
0
9000
7700
0
0
0
0
0
0
4000
0
0
3600
9000
0
11400
0
0
4000
0
0
11400
11400
49698
4000
0
9000
0
0
0
7700
11400
0
0
0
0
0
4000
0
0
11400
11400
0
0
0
2500
10900
0
0
0
0
2500
0
0
7700
0
0
0
0
10900
0
0
0
0
5500
0
0
10900
0
11000
7700
0
11000
2100
0
0
11000
0
0
10900
0
0
11000
0
0
0
0
0
0
0
11000
0
0
0
0
10900
0
7700
0
0
0
11000
0
0
0
0
0
0
10900
0
11000
0
0
0
16566
0
11096
0
11000
0
0
0
11000
0
0
4000
0
0
11096
0
11000
4000
0
0
16566
0
16566
11096
0
7700
4000
11096
0
0
11096
3798
0
4000
11096
0
0
0
0
16566
11096
4000
11096
0
11096
0
4000
4000
0
0
5548
16566
7700
0
0
0
4000
0
4000
0
0
16566
0
0
0
0
0
4000
0
0
7700
16566
0
0
4000
0
0
0
0
16566
0
0
0
4000
0
0
0
0
7700
0
0
0
0
0
4000
1500
0
0
0
16566
0
5750
0
2700
11500
0
0
0
7900
3898
16566
11500
0
0
0
11500
2700
0
5750
0
0
0
0
7700
0
0
5750
0
0
5750
16632
0
5750
0
0
0
2700
5750
5750
0
0
0
0
0
5750
5750
16632
0
0
0
0
0
2700
0
7700
0
0
0
2700
0
0
16632
0
0
0
0
0
0
0
0
0
0
16632
0
0
7700
2700
0
0
16632
0
0
0
0
0
0
0
0
0
16632
0
0
0
0
0
0
0
0
0
0
